<?xml version="1.0" encoding="UTF-8"?>
<testng-results ignored="0" total="2" passed="2" failed="0" skipped="0">
  <reporter-output>
  </reporter-output>
  <suite started-at="2023-08-03T04:33:21 GMT-07:00" name="Default suite" finished-at="2023-08-03T04:33:31 GMT-07:00" duration-ms="9085">
    <groups>
    </groups>
    <test started-at="2023-08-03T04:33:21 GMT-07:00" name="Default test" finished-at="2023-08-03T04:33:31 GMT-07:00" duration-ms="9085">
      <class name="testNG.Test_1_AlphabetiacalOrder">
        <test-method is-config="true" signature="beforeTest()[pri:0, instance:testNG.Test_1_AlphabetiacalOrder@729d991e]" started-at="2023-08-03T04:33:21 GMT-07:00" name="beforeTest" finished-at="2023-08-03T04:33:23 GMT-07:00" duration-ms="1738" status="PASS">
          <reporter-output>
          </reporter-output>
        </test-method> <!-- beforeTest -->
        <test-method signature="twitter()[pri:0, instance:testNG.Test_1_AlphabetiacalOrder@729d991e]" started-at="2023-08-03T04:33:23 GMT-07:00" name="twitter" finished-at="2023-08-03T04:33:28 GMT-07:00" duration-ms="4903" status="PASS">
          <reporter-output>
          </reporter-output>
        </test-method> <!-- twitter -->
        <test-method signature="f()[pri:1, instance:testNG.Test_1_AlphabetiacalOrder@729d991e]" started-at="2023-08-03T04:33:28 GMT-07:00" name="f" finished-at="2023-08-03T04:33:30 GMT-07:00" duration-ms="2282" status="PASS">
          <reporter-output>
          </reporter-output>
        </test-method> <!-- f -->
        <test-method is-config="true" signature="afterTest()[pri:0, instance:testNG.Test_1_AlphabetiacalOrder@729d991e]" started-at="2023-08-03T04:33:30 GMT-07:00" name="afterTest" finished-at="2023-08-03T04:33:31 GMT-07:00" duration-ms="122" status="PASS">
          <reporter-output>
          </reporter-output>
        </test-method> <!-- afterTest -->
      </class> <!-- testNG.Test_1_AlphabetiacalOrder -->
    </test> <!-- Default test -->
  </suite> <!-- Default suite -->
</testng-results>
